The system is: Darwin - 15.5.0 - x86_64
Compiling the C compiler identification source file "CMakeCCompilerId.c" succeeded.
Compiler: /Applications/Xcode.app/Contents/Developer/Toolchains/XcodeDefault.xctoolchain/usr/bin/cc 
Build flags: 
Id flags: 

The output was:
0


Compilation of the C compiler identification source "CMakeCCompilerId.c" produced "a.out"

The C compiler identification is AppleClang, found in "/Users/toand/git/mivp/projects/instancespace/metafeature/DCoL-v1.1/Source/build/CMakeFiles/3.3.0/CompilerIdC/a.out"

Compiling the CXX compiler identification source file "CMakeCXXCompilerId.cpp" succeeded.
Compiler: /usr/local/bin/g++-5 
Build flags: 
Id flags: 

The output was:
0


Compilation of the CXX compiler identification source "CMakeCXXCompilerId.cpp" produced "a.out"

The CXX compiler identification is GNU, found in "/Users/toand/git/mivp/projects/instancespace/metafeature/DCoL-v1.1/Source/build/CMakeFiles/3.3.0/CompilerIdCXX/a.out"

Determining if the C compiler works passed with the following output:
Change Dir: /Users/toand/git/mivp/projects/instancespace/metafeature/DCoL-v1.1/Source/build/CMakeFiles/CMakeTmp

Run Build Command:"/usr/bin/make" "cmTC_48fe1/fast"
/Applications/Xcode.app/Contents/Developer/usr/bin/make -f CMakeFiles/cmTC_48fe1.dir/build.make CMakeFiles/cmTC_48fe1.dir/build
Building C object CMakeFiles/cmTC_48fe1.dir/testCCompiler.c.o
/Applications/Xcode.app/Contents/Developer/Toolchains/XcodeDefault.xctoolchain/usr/bin/cc    -o CMakeFiles/cmTC_48fe1.dir/testCCompiler.c.o   -c /Users/toand/git/mivp/projects/instancespace/metafeature/DCoL-v1.1/Source/build/CMakeFiles/CMakeTmp/testCCompiler.c
Linking C executable cmTC_48fe1
/Applications/CMake.app/Contents/bin/cmake -E cmake_link_script CMakeFiles/cmTC_48fe1.dir/link.txt --verbose=1
/Applications/Xcode.app/Contents/Developer/Toolchains/XcodeDefault.xctoolchain/usr/bin/cc    -Wl,-search_paths_first -Wl,-headerpad_max_install_names   CMakeFiles/cmTC_48fe1.dir/testCCompiler.c.o  -o cmTC_48fe1  


Detecting C compiler ABI info compiled with the following output:
Change Dir: /Users/toand/git/mivp/projects/instancespace/metafeature/DCoL-v1.1/Source/build/CMakeFiles/CMakeTmp

Run Build Command:"/usr/bin/make" "cmTC_57f33/fast"
/Applications/Xcode.app/Contents/Developer/usr/bin/make -f CMakeFiles/cmTC_57f33.dir/build.make CMakeFiles/cmTC_57f33.dir/build
Building C object CMakeFiles/cmTC_57f33.dir/CMakeCCompilerABI.c.o
/Applications/Xcode.app/Contents/Developer/Toolchains/XcodeDefault.xctoolchain/usr/bin/cc    -o CMakeFiles/cmTC_57f33.dir/CMakeCCompilerABI.c.o   -c /Applications/CMake.app/Contents/share/cmake-3.3/Modules/CMakeCCompilerABI.c
Linking C executable cmTC_57f33
/Applications/CMake.app/Contents/bin/cmake -E cmake_link_script CMakeFiles/cmTC_57f33.dir/link.txt --verbose=1
/Applications/Xcode.app/Contents/Developer/Toolchains/XcodeDefault.xctoolchain/usr/bin/cc    -Wl,-search_paths_first -Wl,-headerpad_max_install_names  -v -Wl,-v CMakeFiles/cmTC_57f33.dir/CMakeCCompilerABI.c.o  -o cmTC_57f33   
Apple LLVM version 7.3.0 (clang-703.0.31)
Target: x86_64-apple-darwin15.5.0
Thread model: posix
InstalledDir: /Applications/Xcode.app/Contents/Developer/Toolchains/XcodeDefault.xctoolchain/usr/bin
 "/Applications/Xcode.app/Contents/Developer/Toolchains/XcodeDefault.xctoolchain/usr/bin/ld" -demangle -dynamic -arch x86_64 -macosx_version_min 10.11.0 -o cmTC_57f33 -search_paths_first -headerpad_max_install_names -v CMakeFiles/cmTC_57f33.dir/CMakeCCompilerABI.c.o -lSystem /Applications/Xcode.app/Contents/Developer/Toolchains/XcodeDefault.xctoolchain/usr/bin/../lib/clang/7.3.0/lib/darwin/libclang_rt.osx.a
@(#)PROGRAM:ld  PROJECT:ld64-264.3.102
configured to support archs: armv6 armv7 armv7s arm64 i386 x86_64 x86_64h armv6m armv7k armv7m armv7em (tvOS)
Library search paths:
	/usr/lib
	/usr/local/lib
Framework search paths:
	/Library/Frameworks/
	/System/Library/Frameworks/


Parsed C implicit link information from above output:
  link line regex: [^( *|.*[/\])(ld|([^/\]+-)?ld|collect2)[^/\]*( |$)]
  ignore line: [Change Dir: /Users/toand/git/mivp/projects/instancespace/metafeature/DCoL-v1.1/Source/build/CMakeFiles/CMakeTmp]
  ignore line: []
  ignore line: [Run Build Command:"/usr/bin/make" "cmTC_57f33/fast"]
  ignore line: [/Applications/Xcode.app/Contents/Developer/usr/bin/make -f CMakeFiles/cmTC_57f33.dir/build.make CMakeFiles/cmTC_57f33.dir/build]
  ignore line: [Building C object CMakeFiles/cmTC_57f33.dir/CMakeCCompilerABI.c.o]
  ignore line: [/Applications/Xcode.app/Contents/Developer/Toolchains/XcodeDefault.xctoolchain/usr/bin/cc    -o CMakeFiles/cmTC_57f33.dir/CMakeCCompilerABI.c.o   -c /Applications/CMake.app/Contents/share/cmake-3.3/Modules/CMakeCCompilerABI.c]
  ignore line: [Linking C executable cmTC_57f33]
  ignore line: [/Applications/CMake.app/Contents/bin/cmake -E cmake_link_script CMakeFiles/cmTC_57f33.dir/link.txt --verbose=1]
  ignore line: [/Applications/Xcode.app/Contents/Developer/Toolchains/XcodeDefault.xctoolchain/usr/bin/cc    -Wl,-search_paths_first -Wl,-headerpad_max_install_names  -v -Wl,-v CMakeFiles/cmTC_57f33.dir/CMakeCCompilerABI.c.o  -o cmTC_57f33   ]
  ignore line: [Apple LLVM version 7.3.0 (clang-703.0.31)]
  ignore line: [Target: x86_64-apple-darwin15.5.0]
  ignore line: [Thread model: posix]
  ignore line: [InstalledDir: /Applications/Xcode.app/Contents/Developer/Toolchains/XcodeDefault.xctoolchain/usr/bin]
  link line: [ "/Applications/Xcode.app/Contents/Developer/Toolchains/XcodeDefault.xctoolchain/usr/bin/ld" -demangle -dynamic -arch x86_64 -macosx_version_min 10.11.0 -o cmTC_57f33 -search_paths_first -headerpad_max_install_names -v CMakeFiles/cmTC_57f33.dir/CMakeCCompilerABI.c.o -lSystem /Applications/Xcode.app/Contents/Developer/Toolchains/XcodeDefault.xctoolchain/usr/bin/../lib/clang/7.3.0/lib/darwin/libclang_rt.osx.a]
    arg [/Applications/Xcode.app/Contents/Developer/Toolchains/XcodeDefault.xctoolchain/usr/bin/ld] ==> ignore
    arg [-demangle] ==> ignore
    arg [-dynamic] ==> ignore
    arg [-arch] ==> ignore
    arg [x86_64] ==> ignore
    arg [-macosx_version_min] ==> ignore
    arg [10.11.0] ==> ignore
    arg [-o] ==> ignore
    arg [cmTC_57f33] ==> ignore
    arg [-search_paths_first] ==> ignore
    arg [-headerpad_max_install_names] ==> ignore
    arg [-v] ==> ignore
    arg [CMakeFiles/cmTC_57f33.dir/CMakeCCompilerABI.c.o] ==> ignore
    arg [-lSystem] ==> lib [System]
    arg [/Applications/Xcode.app/Contents/Developer/Toolchains/XcodeDefault.xctoolchain/usr/bin/../lib/clang/7.3.0/lib/darwin/libclang_rt.osx.a] ==> lib [/Applications/Xcode.app/Contents/Developer/Toolchains/XcodeDefault.xctoolchain/usr/bin/../lib/clang/7.3.0/lib/darwin/libclang_rt.osx.a]
  Library search paths: [;/usr/lib;/usr/local/lib]
  Framework search paths: [;/Library/Frameworks/;/System/Library/Frameworks/]
  remove lib [System]
  collapse lib [/Applications/Xcode.app/Contents/Developer/Toolchains/XcodeDefault.xctoolchain/usr/bin/../lib/clang/7.3.0/lib/darwin/libclang_rt.osx.a] ==> [/Applications/Xcode.app/Contents/Developer/Toolchains/XcodeDefault.xctoolchain/usr/lib/clang/7.3.0/lib/darwin/libclang_rt.osx.a]
  collapse library dir [/usr/lib] ==> [/usr/lib]
  collapse library dir [/usr/local/lib] ==> [/usr/local/lib]
  collapse framework dir [/Library/Frameworks/] ==> [/Library/Frameworks]
  collapse framework dir [/System/Library/Frameworks/] ==> [/System/Library/Frameworks]
  implicit libs: [/Applications/Xcode.app/Contents/Developer/Toolchains/XcodeDefault.xctoolchain/usr/lib/clang/7.3.0/lib/darwin/libclang_rt.osx.a]
  implicit dirs: [/usr/lib;/usr/local/lib]
  implicit fwks: [/Library/Frameworks;/System/Library/Frameworks]




Detecting C [-std=c11] compiler features compiled with the following output:
Change Dir: /Users/toand/git/mivp/projects/instancespace/metafeature/DCoL-v1.1/Source/build/CMakeFiles/CMakeTmp

Run Build Command:"/usr/bin/make" "cmTC_d78b7/fast"
/Applications/Xcode.app/Contents/Developer/usr/bin/make -f CMakeFiles/cmTC_d78b7.dir/build.make CMakeFiles/cmTC_d78b7.dir/build
Building C object CMakeFiles/cmTC_d78b7.dir/feature_tests.c.o
/Applications/Xcode.app/Contents/Developer/Toolchains/XcodeDefault.xctoolchain/usr/bin/cc   -std=c11 -o CMakeFiles/cmTC_d78b7.dir/feature_tests.c.o   -c /Users/toand/git/mivp/projects/instancespace/metafeature/DCoL-v1.1/Source/build/CMakeFiles/feature_tests.c
Linking C executable cmTC_d78b7
/Applications/CMake.app/Contents/bin/cmake -E cmake_link_script CMakeFiles/cmTC_d78b7.dir/link.txt --verbose=1
/Applications/Xcode.app/Contents/Developer/Toolchains/XcodeDefault.xctoolchain/usr/bin/cc    -Wl,-search_paths_first -Wl,-headerpad_max_install_names   CMakeFiles/cmTC_d78b7.dir/feature_tests.c.o  -o cmTC_d78b7  


    Feature record: C_FEATURE:1c_function_prototypes
    Feature record: C_FEATURE:1c_restrict
    Feature record: C_FEATURE:1c_static_assert
    Feature record: C_FEATURE:1c_variadic_macros


Detecting C [-std=c99] compiler features compiled with the following output:
Change Dir: /Users/toand/git/mivp/projects/instancespace/metafeature/DCoL-v1.1/Source/build/CMakeFiles/CMakeTmp

Run Build Command:"/usr/bin/make" "cmTC_4f6da/fast"
/Applications/Xcode.app/Contents/Developer/usr/bin/make -f CMakeFiles/cmTC_4f6da.dir/build.make CMakeFiles/cmTC_4f6da.dir/build
Building C object CMakeFiles/cmTC_4f6da.dir/feature_tests.c.o
/Applications/Xcode.app/Contents/Developer/Toolchains/XcodeDefault.xctoolchain/usr/bin/cc   -std=c99 -o CMakeFiles/cmTC_4f6da.dir/feature_tests.c.o   -c /Users/toand/git/mivp/projects/instancespace/metafeature/DCoL-v1.1/Source/build/CMakeFiles/feature_tests.c
Linking C executable cmTC_4f6da
/Applications/CMake.app/Contents/bin/cmake -E cmake_link_script CMakeFiles/cmTC_4f6da.dir/link.txt --verbose=1
/Applications/Xcode.app/Contents/Developer/Toolchains/XcodeDefault.xctoolchain/usr/bin/cc    -Wl,-search_paths_first -Wl,-headerpad_max_install_names   CMakeFiles/cmTC_4f6da.dir/feature_tests.c.o  -o cmTC_4f6da  


    Feature record: C_FEATURE:1c_function_prototypes
    Feature record: C_FEATURE:1c_restrict
    Feature record: C_FEATURE:0c_static_assert
    Feature record: C_FEATURE:1c_variadic_macros


Detecting C [-std=c90] compiler features compiled with the following output:
Change Dir: /Users/toand/git/mivp/projects/instancespace/metafeature/DCoL-v1.1/Source/build/CMakeFiles/CMakeTmp

Run Build Command:"/usr/bin/make" "cmTC_fb574/fast"
/Applications/Xcode.app/Contents/Developer/usr/bin/make -f CMakeFiles/cmTC_fb574.dir/build.make CMakeFiles/cmTC_fb574.dir/build
Building C object CMakeFiles/cmTC_fb574.dir/feature_tests.c.o
/Applications/Xcode.app/Contents/Developer/Toolchains/XcodeDefault.xctoolchain/usr/bin/cc   -std=c90 -o CMakeFiles/cmTC_fb574.dir/feature_tests.c.o   -c /Users/toand/git/mivp/projects/instancespace/metafeature/DCoL-v1.1/Source/build/CMakeFiles/feature_tests.c
Linking C executable cmTC_fb574
/Applications/CMake.app/Contents/bin/cmake -E cmake_link_script CMakeFiles/cmTC_fb574.dir/link.txt --verbose=1
/Applications/Xcode.app/Contents/Developer/Toolchains/XcodeDefault.xctoolchain/usr/bin/cc    -Wl,-search_paths_first -Wl,-headerpad_max_install_names   CMakeFiles/cmTC_fb574.dir/feature_tests.c.o  -o cmTC_fb574  


    Feature record: C_FEATURE:1c_function_prototypes
    Feature record: C_FEATURE:0c_restrict
    Feature record: C_FEATURE:0c_static_assert
    Feature record: C_FEATURE:0c_variadic_macros
Determining if the CXX compiler works passed with the following output:
Change Dir: /Users/toand/git/mivp/projects/instancespace/metafeature/DCoL-v1.1/Source/build/CMakeFiles/CMakeTmp

Run Build Command:"/usr/bin/make" "cmTC_c0ed5/fast"
/Applications/Xcode.app/Contents/Developer/usr/bin/make -f CMakeFiles/cmTC_c0ed5.dir/build.make CMakeFiles/cmTC_c0ed5.dir/build
Building CXX object CMakeFiles/cmTC_c0ed5.dir/testCXXCompiler.cxx.o
/usr/local/bin/g++-5     -o CMakeFiles/cmTC_c0ed5.dir/testCXXCompiler.cxx.o -c /Users/toand/git/mivp/projects/instancespace/metafeature/DCoL-v1.1/Source/build/CMakeFiles/CMakeTmp/testCXXCompiler.cxx
Linking CXX executable cmTC_c0ed5
/Applications/CMake.app/Contents/bin/cmake -E cmake_link_script CMakeFiles/cmTC_c0ed5.dir/link.txt --verbose=1
/usr/local/bin/g++-5     -Wl,-search_paths_first -Wl,-headerpad_max_install_names   CMakeFiles/cmTC_c0ed5.dir/testCXXCompiler.cxx.o  -o cmTC_c0ed5  


Detecting CXX compiler ABI info compiled with the following output:
Change Dir: /Users/toand/git/mivp/projects/instancespace/metafeature/DCoL-v1.1/Source/build/CMakeFiles/CMakeTmp

Run Build Command:"/usr/bin/make" "cmTC_06881/fast"
/Applications/Xcode.app/Contents/Developer/usr/bin/make -f CMakeFiles/cmTC_06881.dir/build.make CMakeFiles/cmTC_06881.dir/build
Building CXX object CMakeFiles/cmTC_06881.dir/CMakeCXXCompilerABI.cpp.o
/usr/local/bin/g++-5     -o CMakeFiles/cmTC_06881.dir/CMakeCXXCompilerABI.cpp.o -c /Applications/CMake.app/Contents/share/cmake-3.3/Modules/CMakeCXXCompilerABI.cpp
Linking CXX executable cmTC_06881
/Applications/CMake.app/Contents/bin/cmake -E cmake_link_script CMakeFiles/cmTC_06881.dir/link.txt --verbose=1
/usr/local/bin/g++-5     -Wl,-search_paths_first -Wl,-headerpad_max_install_names  -v -Wl,-v CMakeFiles/cmTC_06881.dir/CMakeCXXCompilerABI.cpp.o  -o cmTC_06881   
Using built-in specs.
COLLECT_GCC=/usr/local/bin/g++-5
COLLECT_LTO_WRAPPER=/usr/local/Cellar/gcc/5.3.0/libexec/gcc/x86_64-apple-darwin15.0.0/5.3.0/lto-wrapper
Target: x86_64-apple-darwin15.0.0
Configured with: ../configure --build=x86_64-apple-darwin15.0.0 --prefix=/usr/local/Cellar/gcc/5.3.0 --libdir=/usr/local/Cellar/gcc/5.3.0/lib/gcc/5 --enable-languages=c,c++,objc,obj-c++,fortran --program-suffix=-5 --with-gmp=/usr/local/opt/gmp --with-mpfr=/usr/local/opt/mpfr --with-mpc=/usr/local/opt/libmpc --with-isl=/usr/local/opt/isl --with-system-zlib --enable-libstdcxx-time=yes --enable-stage1-checking --enable-checking=release --enable-lto --with-build-config=bootstrap-debug --disable-werror --with-pkgversion='Homebrew gcc 5.3.0' --with-bugurl=https://github.com/Homebrew/homebrew/issues --enable-plugin --disable-nls --enable-multilib
Thread model: posix
gcc version 5.3.0 (Homebrew gcc 5.3.0) 
COMPILER_PATH=/usr/local/Cellar/gcc/5.3.0/libexec/gcc/x86_64-apple-darwin15.0.0/5.3.0/:/usr/local/Cellar/gcc/5.3.0/libexec/gcc/x86_64-apple-darwin15.0.0/5.3.0/:/usr/local/Cellar/gcc/5.3.0/libexec/gcc/x86_64-apple-darwin15.0.0/:/usr/local/Cellar/gcc/5.3.0/lib/gcc/5/gcc/x86_64-apple-darwin15.0.0/5.3.0/:/usr/local/Cellar/gcc/5.3.0/lib/gcc/5/gcc/x86_64-apple-darwin15.0.0/
LIBRARY_PATH=/usr/local/Cellar/gcc/5.3.0/lib/gcc/5/gcc/x86_64-apple-darwin15.0.0/5.3.0/:/usr/local/Cellar/gcc/5.3.0/lib/gcc/5/gcc/x86_64-apple-darwin15.0.0/5.3.0/../../../:/usr/lib/
COLLECT_GCC_OPTIONS='-mmacosx-version-min=10.11.5' '-v' '-o' 'cmTC_06881' '-shared-libgcc' '-mtune=core2'
 /usr/local/Cellar/gcc/5.3.0/libexec/gcc/x86_64-apple-darwin15.0.0/5.3.0/collect2 -dynamic -arch x86_64 -macosx_version_min 10.11.5 -weak_reference_mismatches non-weak -o cmTC_06881 -L/usr/local/Cellar/gcc/5.3.0/lib/gcc/5/gcc/x86_64-apple-darwin15.0.0/5.3.0 -L/usr/local/Cellar/gcc/5.3.0/lib/gcc/5/gcc/x86_64-apple-darwin15.0.0/5.3.0/../../.. -search_paths_first -headerpad_max_install_names -v CMakeFiles/cmTC_06881.dir/CMakeCXXCompilerABI.cpp.o -lstdc++ -no_compact_unwind -lSystem -lgcc_ext.10.5 -lgcc -lSystem -v
collect2 version 5.3.0
/usr/bin/ld -dynamic -arch x86_64 -macosx_version_min 10.11.5 -weak_reference_mismatches non-weak -o cmTC_06881 -L/usr/local/Cellar/gcc/5.3.0/lib/gcc/5/gcc/x86_64-apple-darwin15.0.0/5.3.0 -L/usr/local/Cellar/gcc/5.3.0/lib/gcc/5/gcc/x86_64-apple-darwin15.0.0/5.3.0/../../.. -search_paths_first -headerpad_max_install_names -v CMakeFiles/cmTC_06881.dir/CMakeCXXCompilerABI.cpp.o -lstdc++ -no_compact_unwind -lSystem -lgcc_ext.10.5 -lgcc -lSystem -v
@(#)PROGRAM:ld  PROJECT:ld64-264.3.102
configured to support archs: armv6 armv7 armv7s arm64 i386 x86_64 x86_64h armv6m armv7k armv7m armv7em (tvOS)
@(#)PROGRAM:ld  PROJECT:ld64-264.3.102
configured to support archs: armv6 armv7 armv7s arm64 i386 x86_64 x86_64h armv6m armv7k armv7m armv7em (tvOS)
Library search paths:
	/usr/local/Cellar/gcc/5.3.0/lib/gcc/5/gcc/x86_64-apple-darwin15.0.0/5.3.0
	/usr/local/Cellar/gcc/5.3.0/lib/gcc/5
	/usr/lib
	/usr/local/lib
Framework search paths:
	/Library/Frameworks/
	/System/Library/Frameworks/
 /usr/bin/nm -n CMakeFiles/cmTC_06881.dir/CMakeCXXCompilerABI.cpp.o


Parsed CXX implicit link information from above output:
  link line regex: [^( *|.*[/\])(ld|([^/\]+-)?ld|collect2)[^/\]*( |$)]
  ignore line: [Change Dir: /Users/toand/git/mivp/projects/instancespace/metafeature/DCoL-v1.1/Source/build/CMakeFiles/CMakeTmp]
  ignore line: []
  ignore line: [Run Build Command:"/usr/bin/make" "cmTC_06881/fast"]
  ignore line: [/Applications/Xcode.app/Contents/Developer/usr/bin/make -f CMakeFiles/cmTC_06881.dir/build.make CMakeFiles/cmTC_06881.dir/build]
  ignore line: [Building CXX object CMakeFiles/cmTC_06881.dir/CMakeCXXCompilerABI.cpp.o]
  ignore line: [/usr/local/bin/g++-5     -o CMakeFiles/cmTC_06881.dir/CMakeCXXCompilerABI.cpp.o -c /Applications/CMake.app/Contents/share/cmake-3.3/Modules/CMakeCXXCompilerABI.cpp]
  ignore line: [Linking CXX executable cmTC_06881]
  ignore line: [/Applications/CMake.app/Contents/bin/cmake -E cmake_link_script CMakeFiles/cmTC_06881.dir/link.txt --verbose=1]
  ignore line: [/usr/local/bin/g++-5     -Wl,-search_paths_first -Wl,-headerpad_max_install_names  -v -Wl,-v CMakeFiles/cmTC_06881.dir/CMakeCXXCompilerABI.cpp.o  -o cmTC_06881   ]
  ignore line: [Using built-in specs.]
  ignore line: [COLLECT_GCC=/usr/local/bin/g++-5]
  ignore line: [COLLECT_LTO_WRAPPER=/usr/local/Cellar/gcc/5.3.0/libexec/gcc/x86_64-apple-darwin15.0.0/5.3.0/lto-wrapper]
  ignore line: [Target: x86_64-apple-darwin15.0.0]
  ignore line: [Configured with: ../configure --build=x86_64-apple-darwin15.0.0 --prefix=/usr/local/Cellar/gcc/5.3.0 --libdir=/usr/local/Cellar/gcc/5.3.0/lib/gcc/5 --enable-languages=c,c++,objc,obj-c++,fortran --program-suffix=-5 --with-gmp=/usr/local/opt/gmp --with-mpfr=/usr/local/opt/mpfr --with-mpc=/usr/local/opt/libmpc --with-isl=/usr/local/opt/isl --with-system-zlib --enable-libstdcxx-time=yes --enable-stage1-checking --enable-checking=release --enable-lto --with-build-config=bootstrap-debug --disable-werror --with-pkgversion='Homebrew gcc 5.3.0' --with-bugurl=https://github.com/Homebrew/homebrew/issues --enable-plugin --disable-nls --enable-multilib]
  ignore line: [Thread model: posix]
  ignore line: [gcc version 5.3.0 (Homebrew gcc 5.3.0) ]
  ignore line: [COMPILER_PATH=/usr/local/Cellar/gcc/5.3.0/libexec/gcc/x86_64-apple-darwin15.0.0/5.3.0/:/usr/local/Cellar/gcc/5.3.0/libexec/gcc/x86_64-apple-darwin15.0.0/5.3.0/:/usr/local/Cellar/gcc/5.3.0/libexec/gcc/x86_64-apple-darwin15.0.0/:/usr/local/Cellar/gcc/5.3.0/lib/gcc/5/gcc/x86_64-apple-darwin15.0.0/5.3.0/:/usr/local/Cellar/gcc/5.3.0/lib/gcc/5/gcc/x86_64-apple-darwin15.0.0/]
  ignore line: [LIBRARY_PATH=/usr/local/Cellar/gcc/5.3.0/lib/gcc/5/gcc/x86_64-apple-darwin15.0.0/5.3.0/:/usr/local/Cellar/gcc/5.3.0/lib/gcc/5/gcc/x86_64-apple-darwin15.0.0/5.3.0/../../../:/usr/lib/]
  ignore line: [COLLECT_GCC_OPTIONS='-mmacosx-version-min=10.11.5' '-v' '-o' 'cmTC_06881' '-shared-libgcc' '-mtune=core2']
  link line: [ /usr/local/Cellar/gcc/5.3.0/libexec/gcc/x86_64-apple-darwin15.0.0/5.3.0/collect2 -dynamic -arch x86_64 -macosx_version_min 10.11.5 -weak_reference_mismatches non-weak -o cmTC_06881 -L/usr/local/Cellar/gcc/5.3.0/lib/gcc/5/gcc/x86_64-apple-darwin15.0.0/5.3.0 -L/usr/local/Cellar/gcc/5.3.0/lib/gcc/5/gcc/x86_64-apple-darwin15.0.0/5.3.0/../../.. -search_paths_first -headerpad_max_install_names -v CMakeFiles/cmTC_06881.dir/CMakeCXXCompilerABI.cpp.o -lstdc++ -no_compact_unwind -lSystem -lgcc_ext.10.5 -lgcc -lSystem -v]
    arg [/usr/local/Cellar/gcc/5.3.0/libexec/gcc/x86_64-apple-darwin15.0.0/5.3.0/collect2] ==> ignore
    arg [-dynamic] ==> ignore
    arg [-arch] ==> ignore
    arg [x86_64] ==> ignore
    arg [-macosx_version_min] ==> ignore
    arg [10.11.5] ==> ignore
    arg [-weak_reference_mismatches] ==> ignore
    arg [non-weak] ==> ignore
    arg [-o] ==> ignore
    arg [cmTC_06881] ==> ignore
    arg [-L/usr/local/Cellar/gcc/5.3.0/lib/gcc/5/gcc/x86_64-apple-darwin15.0.0/5.3.0] ==> dir [/usr/local/Cellar/gcc/5.3.0/lib/gcc/5/gcc/x86_64-apple-darwin15.0.0/5.3.0]
    arg [-L/usr/local/Cellar/gcc/5.3.0/lib/gcc/5/gcc/x86_64-apple-darwin15.0.0/5.3.0/../../..] ==> dir [/usr/local/Cellar/gcc/5.3.0/lib/gcc/5/gcc/x86_64-apple-darwin15.0.0/5.3.0/../../..]
    arg [-search_paths_first] ==> ignore
    arg [-headerpad_max_install_names] ==> ignore
    arg [-v] ==> ignore
    arg [CMakeFiles/cmTC_06881.dir/CMakeCXXCompilerABI.cpp.o] ==> ignore
    arg [-lstdc++] ==> lib [stdc++]
    arg [-no_compact_unwind] ==> ignore
    arg [-lSystem] ==> lib [System]
    arg [-lgcc_ext.10.5] ==> lib [gcc_ext.10.5]
    arg [-lgcc] ==> lib [gcc]
    arg [-lSystem] ==> lib [System]
    arg [-v] ==> ignore
  Library search paths: [;/usr/local/Cellar/gcc/5.3.0/lib/gcc/5/gcc/x86_64-apple-darwin15.0.0/5.3.0;/usr/local/Cellar/gcc/5.3.0/lib/gcc/5;/usr/lib;/usr/local/lib]
  Framework search paths: [;/Library/Frameworks/;/System/Library/Frameworks/]
  remove lib [System]
  remove lib [gcc_ext.10.5]
  remove lib [gcc]
  remove lib [System]
  collapse library dir [/usr/local/Cellar/gcc/5.3.0/lib/gcc/5/gcc/x86_64-apple-darwin15.0.0/5.3.0] ==> [/usr/local/Cellar/gcc/5.3.0/lib/gcc/5/gcc/x86_64-apple-darwin15.0.0/5.3.0]
  collapse library dir [/usr/local/Cellar/gcc/5.3.0/lib/gcc/5/gcc/x86_64-apple-darwin15.0.0/5.3.0/../../..] ==> [/usr/local/Cellar/gcc/5.3.0/lib/gcc/5]
  collapse library dir [/usr/local/Cellar/gcc/5.3.0/lib/gcc/5/gcc/x86_64-apple-darwin15.0.0/5.3.0] ==> [/usr/local/Cellar/gcc/5.3.0/lib/gcc/5/gcc/x86_64-apple-darwin15.0.0/5.3.0]
  collapse library dir [/usr/local/Cellar/gcc/5.3.0/lib/gcc/5] ==> [/usr/local/Cellar/gcc/5.3.0/lib/gcc/5]
  collapse library dir [/usr/lib] ==> [/usr/lib]
  collapse library dir [/usr/local/lib] ==> [/usr/local/lib]
  collapse framework dir [/Library/Frameworks/] ==> [/Library/Frameworks]
  collapse framework dir [/System/Library/Frameworks/] ==> [/System/Library/Frameworks]
  implicit libs: [stdc++]
  implicit dirs: [/usr/local/Cellar/gcc/5.3.0/lib/gcc/5/gcc/x86_64-apple-darwin15.0.0/5.3.0;/usr/local/Cellar/gcc/5.3.0/lib/gcc/5;/usr/lib;/usr/local/lib]
  implicit fwks: [/Library/Frameworks;/System/Library/Frameworks]




Detecting CXX [-std=c++14] compiler features compiled with the following output:
Change Dir: /Users/toand/git/mivp/projects/instancespace/metafeature/DCoL-v1.1/Source/build/CMakeFiles/CMakeTmp

Run Build Command:"/usr/bin/make" "cmTC_887d8/fast"
/Applications/Xcode.app/Contents/Developer/usr/bin/make -f CMakeFiles/cmTC_887d8.dir/build.make CMakeFiles/cmTC_887d8.dir/build
Building CXX object CMakeFiles/cmTC_887d8.dir/feature_tests.cxx.o
/usr/local/bin/g++-5    -std=c++14 -o CMakeFiles/cmTC_887d8.dir/feature_tests.cxx.o -c /Users/toand/git/mivp/projects/instancespace/metafeature/DCoL-v1.1/Source/build/CMakeFiles/feature_tests.cxx
Linking CXX executable cmTC_887d8
/Applications/CMake.app/Contents/bin/cmake -E cmake_link_script CMakeFiles/cmTC_887d8.dir/link.txt --verbose=1
/usr/local/bin/g++-5     -Wl,-search_paths_first -Wl,-headerpad_max_install_names   CMakeFiles/cmTC_887d8.dir/feature_tests.cxx.o  -o cmTC_887d8  


    Feature record: CXX_FEATURE:1cxx_aggregate_default_initializers
    Feature record: CXX_FEATURE:1cxx_alias_templates
    Feature record: CXX_FEATURE:1cxx_alignas
    Feature record: CXX_FEATURE:1cxx_alignof
    Feature record: CXX_FEATURE:1cxx_attributes
    Feature record: CXX_FEATURE:1cxx_attribute_deprecated
    Feature record: CXX_FEATURE:1cxx_auto_type
    Feature record: CXX_FEATURE:1cxx_binary_literals
    Feature record: CXX_FEATURE:1cxx_constexpr
    Feature record: CXX_FEATURE:1cxx_contextual_conversions
    Feature record: CXX_FEATURE:1cxx_decltype
    Feature record: CXX_FEATURE:1cxx_decltype_auto
    Feature record: CXX_FEATURE:1cxx_decltype_incomplete_return_types
    Feature record: CXX_FEATURE:1cxx_default_function_template_args
    Feature record: CXX_FEATURE:1cxx_defaulted_functions
    Feature record: CXX_FEATURE:1cxx_defaulted_move_initializers
    Feature record: CXX_FEATURE:1cxx_delegating_constructors
    Feature record: CXX_FEATURE:1cxx_deleted_functions
    Feature record: CXX_FEATURE:1cxx_digit_separators
    Feature record: CXX_FEATURE:1cxx_enum_forward_declarations
    Feature record: CXX_FEATURE:1cxx_explicit_conversions
    Feature record: CXX_FEATURE:1cxx_extended_friend_declarations
    Feature record: CXX_FEATURE:1cxx_extern_templates
    Feature record: CXX_FEATURE:1cxx_final
    Feature record: CXX_FEATURE:1cxx_func_identifier
    Feature record: CXX_FEATURE:1cxx_generalized_initializers
    Feature record: CXX_FEATURE:1cxx_generic_lambdas
    Feature record: CXX_FEATURE:1cxx_inheriting_constructors
    Feature record: CXX_FEATURE:1cxx_inline_namespaces
    Feature record: CXX_FEATURE:1cxx_lambdas
    Feature record: CXX_FEATURE:1cxx_lambda_init_captures
    Feature record: CXX_FEATURE:1cxx_local_type_template_args
    Feature record: CXX_FEATURE:1cxx_long_long_type
    Feature record: CXX_FEATURE:1cxx_noexcept
    Feature record: CXX_FEATURE:1cxx_nonstatic_member_init
    Feature record: CXX_FEATURE:1cxx_nullptr
    Feature record: CXX_FEATURE:1cxx_override
    Feature record: CXX_FEATURE:1cxx_range_for
    Feature record: CXX_FEATURE:1cxx_raw_string_literals
    Feature record: CXX_FEATURE:1cxx_reference_qualified_functions
    Feature record: CXX_FEATURE:1cxx_relaxed_constexpr
    Feature record: CXX_FEATURE:1cxx_return_type_deduction
    Feature record: CXX_FEATURE:1cxx_right_angle_brackets
    Feature record: CXX_FEATURE:1cxx_rvalue_references
    Feature record: CXX_FEATURE:1cxx_sizeof_member
    Feature record: CXX_FEATURE:1cxx_static_assert
    Feature record: CXX_FEATURE:1cxx_strong_enums
    Feature record: CXX_FEATURE:1cxx_template_template_parameters
    Feature record: CXX_FEATURE:1cxx_thread_local
    Feature record: CXX_FEATURE:1cxx_trailing_return_types
    Feature record: CXX_FEATURE:1cxx_unicode_literals
    Feature record: CXX_FEATURE:1cxx_uniform_initialization
    Feature record: CXX_FEATURE:1cxx_unrestricted_unions
    Feature record: CXX_FEATURE:1cxx_user_literals
    Feature record: CXX_FEATURE:1cxx_variable_templates
    Feature record: CXX_FEATURE:1cxx_variadic_macros
    Feature record: CXX_FEATURE:1cxx_variadic_templates


Detecting CXX [-std=c++11] compiler features compiled with the following output:
Change Dir: /Users/toand/git/mivp/projects/instancespace/metafeature/DCoL-v1.1/Source/build/CMakeFiles/CMakeTmp

Run Build Command:"/usr/bin/make" "cmTC_d5f80/fast"
/Applications/Xcode.app/Contents/Developer/usr/bin/make -f CMakeFiles/cmTC_d5f80.dir/build.make CMakeFiles/cmTC_d5f80.dir/build
Building CXX object CMakeFiles/cmTC_d5f80.dir/feature_tests.cxx.o
/usr/local/bin/g++-5    -std=c++11 -o CMakeFiles/cmTC_d5f80.dir/feature_tests.cxx.o -c /Users/toand/git/mivp/projects/instancespace/metafeature/DCoL-v1.1/Source/build/CMakeFiles/feature_tests.cxx
Linking CXX executable cmTC_d5f80
/Applications/CMake.app/Contents/bin/cmake -E cmake_link_script CMakeFiles/cmTC_d5f80.dir/link.txt --verbose=1
/usr/local/bin/g++-5     -Wl,-search_paths_first -Wl,-headerpad_max_install_names   CMakeFiles/cmTC_d5f80.dir/feature_tests.cxx.o  -o cmTC_d5f80  


    Feature record: CXX_FEATURE:0cxx_aggregate_default_initializers
    Feature record: CXX_FEATURE:1cxx_alias_templates
    Feature record: CXX_FEATURE:1cxx_alignas
    Feature record: CXX_FEATURE:1cxx_alignof
    Feature record: CXX_FEATURE:1cxx_attributes
    Feature record: CXX_FEATURE:0cxx_attribute_deprecated
    Feature record: CXX_FEATURE:1cxx_auto_type
    Feature record: CXX_FEATURE:0cxx_binary_literals
    Feature record: CXX_FEATURE:1cxx_constexpr
    Feature record: CXX_FEATURE:0cxx_contextual_conversions
    Feature record: CXX_FEATURE:1cxx_decltype
    Feature record: CXX_FEATURE:0cxx_decltype_auto
    Feature record: CXX_FEATURE:1cxx_decltype_incomplete_return_types
    Feature record: CXX_FEATURE:1cxx_default_function_template_args
    Feature record: CXX_FEATURE:1cxx_defaulted_functions
    Feature record: CXX_FEATURE:1cxx_defaulted_move_initializers
    Feature record: CXX_FEATURE:1cxx_delegating_constructors
    Feature record: CXX_FEATURE:1cxx_deleted_functions
    Feature record: CXX_FEATURE:0cxx_digit_separators
    Feature record: CXX_FEATURE:1cxx_enum_forward_declarations
    Feature record: CXX_FEATURE:1cxx_explicit_conversions
    Feature record: CXX_FEATURE:1cxx_extended_friend_declarations
    Feature record: CXX_FEATURE:1cxx_extern_templates
    Feature record: CXX_FEATURE:1cxx_final
    Feature record: CXX_FEATURE:1cxx_func_identifier
    Feature record: CXX_FEATURE:1cxx_generalized_initializers
    Feature record: CXX_FEATURE:0cxx_generic_lambdas
    Feature record: CXX_FEATURE:1cxx_inheriting_constructors
    Feature record: CXX_FEATURE:1cxx_inline_namespaces
    Feature record: CXX_FEATURE:1cxx_lambdas
    Feature record: CXX_FEATURE:0cxx_lambda_init_captures
    Feature record: CXX_FEATURE:1cxx_local_type_template_args
    Feature record: CXX_FEATURE:1cxx_long_long_type
    Feature record: CXX_FEATURE:1cxx_noexcept
    Feature record: CXX_FEATURE:1cxx_nonstatic_member_init
    Feature record: CXX_FEATURE:1cxx_nullptr
    Feature record: CXX_FEATURE:1cxx_override
    Feature record: CXX_FEATURE:1cxx_range_for
    Feature record: CXX_FEATURE:1cxx_raw_string_literals
    Feature record: CXX_FEATURE:1cxx_reference_qualified_functions
    Feature record: CXX_FEATURE:0cxx_relaxed_constexpr
    Feature record: CXX_FEATURE:0cxx_return_type_deduction
    Feature record: CXX_FEATURE:1cxx_right_angle_brackets
    Feature record: CXX_FEATURE:1cxx_rvalue_references
    Feature record: CXX_FEATURE:1cxx_sizeof_member
    Feature record: CXX_FEATURE:1cxx_static_assert
    Feature record: CXX_FEATURE:1cxx_strong_enums
    Feature record: CXX_FEATURE:1cxx_template_template_parameters
    Feature record: CXX_FEATURE:1cxx_thread_local
    Feature record: CXX_FEATURE:1cxx_trailing_return_types
    Feature record: CXX_FEATURE:1cxx_unicode_literals
    Feature record: CXX_FEATURE:1cxx_uniform_initialization
    Feature record: CXX_FEATURE:1cxx_unrestricted_unions
    Feature record: CXX_FEATURE:1cxx_user_literals
    Feature record: CXX_FEATURE:0cxx_variable_templates
    Feature record: CXX_FEATURE:1cxx_variadic_macros
    Feature record: CXX_FEATURE:1cxx_variadic_templates


Detecting CXX [-std=c++98] compiler features compiled with the following output:
Change Dir: /Users/toand/git/mivp/projects/instancespace/metafeature/DCoL-v1.1/Source/build/CMakeFiles/CMakeTmp

Run Build Command:"/usr/bin/make" "cmTC_04876/fast"
/Applications/Xcode.app/Contents/Developer/usr/bin/make -f CMakeFiles/cmTC_04876.dir/build.make CMakeFiles/cmTC_04876.dir/build
Building CXX object CMakeFiles/cmTC_04876.dir/feature_tests.cxx.o
/usr/local/bin/g++-5    -std=c++98 -o CMakeFiles/cmTC_04876.dir/feature_tests.cxx.o -c /Users/toand/git/mivp/projects/instancespace/metafeature/DCoL-v1.1/Source/build/CMakeFiles/feature_tests.cxx
Linking CXX executable cmTC_04876
/Applications/CMake.app/Contents/bin/cmake -E cmake_link_script CMakeFiles/cmTC_04876.dir/link.txt --verbose=1
/usr/local/bin/g++-5     -Wl,-search_paths_first -Wl,-headerpad_max_install_names   CMakeFiles/cmTC_04876.dir/feature_tests.cxx.o  -o cmTC_04876  


    Feature record: CXX_FEATURE:0cxx_aggregate_default_initializers
    Feature record: CXX_FEATURE:0cxx_alias_templates
    Feature record: CXX_FEATURE:0cxx_alignas
    Feature record: CXX_FEATURE:0cxx_alignof
    Feature record: CXX_FEATURE:0cxx_attributes
    Feature record: CXX_FEATURE:0cxx_attribute_deprecated
    Feature record: CXX_FEATURE:0cxx_auto_type
    Feature record: CXX_FEATURE:0cxx_binary_literals
    Feature record: CXX_FEATURE:0cxx_constexpr
    Feature record: CXX_FEATURE:0cxx_contextual_conversions
    Feature record: CXX_FEATURE:0cxx_decltype
    Feature record: CXX_FEATURE:0cxx_decltype_auto
    Feature record: CXX_FEATURE:0cxx_decltype_incomplete_return_types
    Feature record: CXX_FEATURE:0cxx_default_function_template_args
    Feature record: CXX_FEATURE:0cxx_defaulted_functions
    Feature record: CXX_FEATURE:0cxx_defaulted_move_initializers
    Feature record: CXX_FEATURE:0cxx_delegating_constructors
    Feature record: CXX_FEATURE:0cxx_deleted_functions
    Feature record: CXX_FEATURE:0cxx_digit_separators
    Feature record: CXX_FEATURE:0cxx_enum_forward_declarations
    Feature record: CXX_FEATURE:0cxx_explicit_conversions
    Feature record: CXX_FEATURE:0cxx_extended_friend_declarations
    Feature record: CXX_FEATURE:0cxx_extern_templates
    Feature record: CXX_FEATURE:0cxx_final
    Feature record: CXX_FEATURE:0cxx_func_identifier
    Feature record: CXX_FEATURE:0cxx_generalized_initializers
    Feature record: CXX_FEATURE:0cxx_generic_lambdas
    Feature record: CXX_FEATURE:0cxx_inheriting_constructors
    Feature record: CXX_FEATURE:0cxx_inline_namespaces
    Feature record: CXX_FEATURE:0cxx_lambdas
    Feature record: CXX_FEATURE:0cxx_lambda_init_captures
    Feature record: CXX_FEATURE:0cxx_local_type_template_args
    Feature record: CXX_FEATURE:0cxx_long_long_type
    Feature record: CXX_FEATURE:0cxx_noexcept
    Feature record: CXX_FEATURE:0cxx_nonstatic_member_init
    Feature record: CXX_FEATURE:0cxx_nullptr
    Feature record: CXX_FEATURE:0cxx_override
    Feature record: CXX_FEATURE:0cxx_range_for
    Feature record: CXX_FEATURE:0cxx_raw_string_literals
    Feature record: CXX_FEATURE:0cxx_reference_qualified_functions
    Feature record: CXX_FEATURE:0cxx_relaxed_constexpr
    Feature record: CXX_FEATURE:0cxx_return_type_deduction
    Feature record: CXX_FEATURE:0cxx_right_angle_brackets
    Feature record: CXX_FEATURE:0cxx_rvalue_references
    Feature record: CXX_FEATURE:0cxx_sizeof_member
    Feature record: CXX_FEATURE:0cxx_static_assert
    Feature record: CXX_FEATURE:0cxx_strong_enums
    Feature record: CXX_FEATURE:1cxx_template_template_parameters
    Feature record: CXX_FEATURE:0cxx_thread_local
    Feature record: CXX_FEATURE:0cxx_trailing_return_types
    Feature record: CXX_FEATURE:0cxx_unicode_literals
    Feature record: CXX_FEATURE:0cxx_uniform_initialization
    Feature record: CXX_FEATURE:0cxx_unrestricted_unions
    Feature record: CXX_FEATURE:0cxx_user_literals
    Feature record: CXX_FEATURE:0cxx_variable_templates
    Feature record: CXX_FEATURE:0cxx_variadic_macros
    Feature record: CXX_FEATURE:0cxx_variadic_templates
Performing C++ SOURCE FILE Test COMPILER_SUPPORTS_CXX11 succeded with the following output:
Change Dir: /Users/toand/git/mivp/projects/instancespace/metafeature/DCoL-v1.1/Source/build/CMakeFiles/CMakeTmp

Run Build Command:"/usr/bin/make" "cmTC_30f27/fast"
/Applications/Xcode.app/Contents/Developer/usr/bin/make -f CMakeFiles/cmTC_30f27.dir/build.make CMakeFiles/cmTC_30f27.dir/build
Building CXX object CMakeFiles/cmTC_30f27.dir/src.cxx.o
/usr/local/bin/g++-5    -DCOMPILER_SUPPORTS_CXX11   -std=c++11 -o CMakeFiles/cmTC_30f27.dir/src.cxx.o -c /Users/toand/git/mivp/projects/instancespace/metafeature/DCoL-v1.1/Source/build/CMakeFiles/CMakeTmp/src.cxx
Linking CXX executable cmTC_30f27
/Applications/CMake.app/Contents/bin/cmake -E cmake_link_script CMakeFiles/cmTC_30f27.dir/link.txt --verbose=1
/usr/local/bin/g++-5    -DCOMPILER_SUPPORTS_CXX11 -Wl,-search_paths_first -Wl,-headerpad_max_install_names   CMakeFiles/cmTC_30f27.dir/src.cxx.o  -o cmTC_30f27  

Source file was:
int main() { return 0; }
Performing C++ SOURCE FILE Test COMPILER_SUPPORTS_CXX0X succeded with the following output:
Change Dir: /Users/toand/git/mivp/projects/instancespace/metafeature/DCoL-v1.1/Source/build/CMakeFiles/CMakeTmp

Run Build Command:"/usr/bin/make" "cmTC_2de2b/fast"
/Applications/Xcode.app/Contents/Developer/usr/bin/make -f CMakeFiles/cmTC_2de2b.dir/build.make CMakeFiles/cmTC_2de2b.dir/build
Building CXX object CMakeFiles/cmTC_2de2b.dir/src.cxx.o
/usr/local/bin/g++-5    -DCOMPILER_SUPPORTS_CXX0X   -std=c++0x -o CMakeFiles/cmTC_2de2b.dir/src.cxx.o -c /Users/toand/git/mivp/projects/instancespace/metafeature/DCoL-v1.1/Source/build/CMakeFiles/CMakeTmp/src.cxx
Linking CXX executable cmTC_2de2b
/Applications/CMake.app/Contents/bin/cmake -E cmake_link_script CMakeFiles/cmTC_2de2b.dir/link.txt --verbose=1
/usr/local/bin/g++-5    -DCOMPILER_SUPPORTS_CXX0X -Wl,-search_paths_first -Wl,-headerpad_max_install_names   CMakeFiles/cmTC_2de2b.dir/src.cxx.o  -o cmTC_2de2b  

Source file was:
int main() { return 0; }
